  [1m[35m (2.8ms)[0m  [1m[34mSELECT sqlite_version(*)[0m
  [1m[35m (0.1ms)[0m  [1m[34mSELECT sqlite_version(*)[0m
  [1m[35m (0.7ms)[0m  [1m[34mSELECT sqlite_version(*)[0m
  [1m[35m (6.4ms)[0m  [1m[35mCREATE TABLE "schema_migrations" ("version" varchar NOT NULL PRIMARY KEY)[0m
  [1m[35m (10.2ms)[0m  [1m[35mCREATE TABLE "ar_internal_metadata" ("key" varchar NOT NULL PRIMARY KEY, "value" varchar, "created_at" datetime(6) NOT NULL, "updated_at" datetime(6) NOT NULL)[0m
  [1m[36mActiveRecord::SchemaMigration Pluck (0.4ms)[0m  [1m[34mSELECT "schema_migrations"."version" FROM "schema_migrations" ORDER BY "schema_migrations"."version" ASC[0m
Migrating to CreateQuotes (20220621172105)
  [1m[36mTRANSACTION (0.2ms)[0m  [1m[36mbegin transaction[0m
  [1m[35m (0.7ms)[0m  [1m[35mCREATE TABLE "quotes" ("id" integer PRIMARY KEY AUTOINCREMENT NOT NULL, "name" varchar NOT NULL, "created_at" datetime(6) NOT NULL, "updated_at" datetime(6) NOT NULL)[0m
  [1m[36mActiveRecord::SchemaMigration Create (0.5ms)[0m  [1m[32mINSERT INTO "schema_migrations" ("version") VALUES (?)[0m  [["version", "20220621172105"]]
  [1m[36mTRANSACTION (6.4ms)[0m  [1m[36mcommit transaction[0m
  [1m[36mActiveRecord::InternalMetadata Load (0.7ms)[0m  [1m[34mSELECT "ar_internal_metadata".* FROM "ar_internal_metadata" WHERE "ar_internal_metadata"."key" = ? LIMIT ?[0m  [["key", "environment"], ["LIMIT", 1]]
  [1m[36mTRANSACTION (0.1ms)[0m  [1m[36mbegin transaction[0m
  [1m[36mActiveRecord::InternalMetadata Create (0.7ms)[0m  [1m[32mINSERT INTO "ar_internal_metadata" ("key", "value", "created_at", "updated_at") VALUES (?, ?, ?, ?)[0m  [["key", "environment"], ["value", "development"], ["created_at", "2022-06-21 17:22:36.734628"], ["updated_at", "2022-06-21 17:22:36.734628"]]
  [1m[36mTRANSACTION (3.9ms)[0m  [1m[36mcommit transaction[0m
  [1m[35m (0.2ms)[0m  [1m[34mSELECT sqlite_version(*)[0m
  [1m[36mActiveRecord::SchemaMigration Pluck (0.2ms)[0m  [1m[34mSELECT "schema_migrations"."version" FROM "schema_migrations" ORDER BY "schema_migrations"."version" ASC[0m
Started GET "/" for ::1 at 2022-06-21 23:03:48 +0500
  [1m[35m (0.7ms)[0m  [1m[34mSELECT sqlite_version(*)[0m
  [1m[36mActiveRecord::SchemaMigration Pluck (0.3ms)[0m  [1m[34mSELECT "schema_migrations"."version" FROM "schema_migrations" ORDER BY "schema_migrations"."version" ASC[0m
Processing by Rails::WelcomeController#index as HTML
  Rendering /home/kashif/.rvm/gems/ruby-3.1.0@test/gems/railties-7.0.3/lib/rails/templates/rails/welcome/index.html.erb
  Rendered /home/kashif/.rvm/gems/ruby-3.1.0@test/gems/railties-7.0.3/lib/rails/templates/rails/welcome/index.html.erb (Duration: 3.5ms | Allocations: 536)
Completed 200 OK in 15ms (Views: 7.4ms | ActiveRecord: 0.0ms | Allocations: 3691)


Started GET "/quotes" for ::1 at 2022-06-21 23:03:57 +0500
Processing by QuotesController#index as HTML
  Rendering layout layouts/application.html.erb
  Rendering quotes/index.html.erb within layouts/application
  [1m[36mQuote Load (0.3ms)[0m  [1m[34mSELECT "quotes".* FROM "quotes"[0m
  ↳ app/views/quotes/index.html.erb:9
  Rendered collection of templates [0 times] (Duration: 0.1ms | Allocations: 30)
  Rendered quotes/index.html.erb within layouts/application (Duration: 3.6ms | Allocations: 1292)
  Rendered layout layouts/application.html.erb (Duration: 319.7ms | Allocations: 71013)
Completed 200 OK in 330ms (Views: 322.4ms | ActiveRecord: 0.3ms | Allocations: 72890)


Started GET "/quotes/new" for ::1 at 2022-06-21 23:03:59 +0500
Processing by QuotesController#new as HTML
  Rendering layout layouts/application.html.erb
  Rendering quotes/new.html.erb within layouts/application
  Rendered quotes/_form.html.erb (Duration: 52.6ms | Allocations: 15338)
  Rendered quotes/new.html.erb within layouts/application (Duration: 57.8ms | Allocations: 16037)
  Rendered layout layouts/application.html.erb (Duration: 61.5ms | Allocations: 17163)
Completed 200 OK in 74ms (Views: 62.6ms | ActiveRecord: 1.2ms | Allocations: 20643)


Started POST "/quotes" for ::1 at 2022-06-21 23:04:05 +0500
Processing by QuotesController#create as HTML
  Parameters: {"authenticity_token"=>"[FILTERED]", "quote"=>{"name"=>"aaaa"}, "commit"=>"Create quote"}
  [1m[36mTRANSACTION (0.1ms)[0m  [1m[36mbegin transaction[0m
  ↳ app/controllers/quotes_controller.rb:18:in `create'
  [1m[36mQuote Create (0.6ms)[0m  [1m[32mINSERT INTO "quotes" ("name", "created_at", "updated_at") VALUES (?, ?, ?)[0m  [["name", "aaaa"], ["created_at", "2022-06-21 18:04:05.757334"], ["updated_at", "2022-06-21 18:04:05.757334"]]
  ↳ app/controllers/quotes_controller.rb:18:in `create'
  [1m[36mTRANSACTION (4.1ms)[0m  [1m[36mcommit transaction[0m
  ↳ app/controllers/quotes_controller.rb:18:in `create'
Redirected to http://localhost:3000/quotes
Completed 302 Found in 15ms (ActiveRecord: 4.8ms | Allocations: 3691)


Started GET "/quotes" for ::1 at 2022-06-21 23:04:05 +0500
Processing by QuotesController#index as HTML
  Rendering layout layouts/application.html.erb
  Rendering quotes/index.html.erb within layouts/application
  [1m[36mQuote Load (0.3ms)[0m  [1m[34mSELECT "quotes".* FROM "quotes"[0m
  ↳ app/views/quotes/index.html.erb:9
  Rendered collection of quotes/_quote.html.erb [1 times] (Duration: 2.7ms | Allocations: 812)
  Rendered quotes/index.html.erb within layouts/application (Duration: 6.0ms | Allocations: 1772)
  Rendered layout layouts/application.html.erb (Duration: 8.7ms | Allocations: 2879)
Completed 200 OK in 10ms (Views: 9.4ms | ActiveRecord: 0.3ms | Allocations: 3194)


Started GET "/quotes/1" for ::1 at 2022-06-21 23:04:09 +0500
Processing by QuotesController#show as HTML
  Parameters: {"id"=>"1"}
  [1m[36mQuote Load (0.3ms)[0m  [1m[34mSELECT "quotes".* FROM "quotes" WHERE "quotes"."id" = ? LIMIT ?[0m  [["id", 1], ["LIMIT", 1]]
  ↳ app/controllers/quotes_controller.rb:45:in `set_quote'
  Rendering layout layouts/application.html.erb
  Rendering quotes/show.html.erb within layouts/application
  Rendered quotes/show.html.erb within layouts/application (Duration: 2.6ms | Allocations: 437)
  Rendered layout layouts/application.html.erb (Duration: 6.2ms | Allocations: 1786)
Completed 200 OK in 28ms (Views: 7.5ms | ActiveRecord: 0.3ms | Allocations: 8878)


Started GET "/quotes" for ::1 at 2022-06-21 23:04:12 +0500
Processing by QuotesController#index as HTML
  Rendering layout layouts/application.html.erb
  Rendering quotes/index.html.erb within layouts/application
  [1m[36mQuote Load (0.3ms)[0m  [1m[34mSELECT "quotes".* FROM "quotes"[0m
  ↳ app/views/quotes/index.html.erb:9
  Rendered collection of quotes/_quote.html.erb [1 times] (Duration: 1.7ms | Allocations: 547)
  Rendered quotes/index.html.erb within layouts/application (Duration: 5.2ms | Allocations: 1312)
  Rendered layout layouts/application.html.erb (Duration: 7.8ms | Allocations: 2325)
Completed 200 OK in 10ms (Views: 8.5ms | ActiveRecord: 0.3ms | Allocations: 2609)


Started GET "/quotes/1/edit" for ::1 at 2022-06-21 23:04:13 +0500
Processing by QuotesController#edit as HTML
  Parameters: {"id"=>"1"}
  [1m[36mQuote Load (0.3ms)[0m  [1m[34mSELECT "quotes".* FROM "quotes" WHERE "quotes"."id" = ? LIMIT ?[0m  [["id", 1], ["LIMIT", 1]]
  ↳ app/controllers/quotes_controller.rb:45:in `set_quote'
  Rendering layout layouts/application.html.erb
  Rendering quotes/edit.html.erb within layouts/application
  Rendered quotes/_form.html.erb (Duration: 12.3ms | Allocations: 7355)
  Rendered quotes/edit.html.erb within layouts/application (Duration: 15.9ms | Allocations: 7748)
  Rendered layout layouts/application.html.erb (Duration: 19.2ms | Allocations: 8751)
Completed 200 OK in 25ms (Views: 20.7ms | ActiveRecord: 0.3ms | Allocations: 9551)


Started PATCH "/quotes/1" for ::1 at 2022-06-21 23:04:17 +0500
Processing by QuotesController#update as HTML
  Parameters: {"authenticity_token"=>"[FILTERED]", "quote"=>{"name"=>"aaaacc"}, "commit"=>"Update quote", "id"=>"1"}
  [1m[36mQuote Load (0.3ms)[0m  [1m[34mSELECT "quotes".* FROM "quotes" WHERE "quotes"."id" = ? LIMIT ?[0m  [["id", 1], ["LIMIT", 1]]
  ↳ app/controllers/quotes_controller.rb:45:in `set_quote'
  [1m[36mTRANSACTION (0.2ms)[0m  [1m[36mbegin transaction[0m
  ↳ app/controllers/quotes_controller.rb:30:in `update'
  [1m[36mQuote Update (0.6ms)[0m  [1m[33mUPDATE "quotes" SET "name" = ?, "updated_at" = ? WHERE "quotes"."id" = ?[0m  [["name", "aaaacc"], ["updated_at", "2022-06-21 18:04:17.977046"], ["id", 1]]
  ↳ app/controllers/quotes_controller.rb:30:in `update'
  [1m[36mTRANSACTION (3.6ms)[0m  [1m[36mcommit transaction[0m
  ↳ app/controllers/quotes_controller.rb:30:in `update'
Redirected to http://localhost:3000/quotes
Completed 302 Found in 18ms (ActiveRecord: 4.6ms | Allocations: 3034)


Started GET "/quotes" for ::1 at 2022-06-21 23:04:17 +0500
Processing by QuotesController#index as HTML
  Rendering layout layouts/application.html.erb
  Rendering quotes/index.html.erb within layouts/application
  [1m[36mQuote Load (0.3ms)[0m  [1m[34mSELECT "quotes".* FROM "quotes"[0m
  ↳ app/views/quotes/index.html.erb:9
  Rendered collection of quotes/_quote.html.erb [1 times] (Duration: 1.6ms | Allocations: 561)
  Rendered quotes/index.html.erb within layouts/application (Duration: 5.1ms | Allocations: 1306)
  Rendered layout layouts/application.html.erb (Duration: 8.1ms | Allocations: 2317)
Completed 200 OK in 10ms (Views: 8.8ms | ActiveRecord: 0.3ms | Allocations: 2586)


Started GET "/quotes/new" for ::1 at 2022-06-21 23:04:20 +0500
Processing by QuotesController#new as HTML
  Rendering layout layouts/application.html.erb
  Rendering quotes/new.html.erb within layouts/application
  Rendered quotes/_form.html.erb (Duration: 33.3ms | Allocations: 7131)
  Rendered quotes/new.html.erb within layouts/application (Duration: 34.7ms | Allocations: 7370)
  Rendered layout layouts/application.html.erb (Duration: 43.4ms | Allocations: 8381)
Completed 200 OK in 45ms (Views: 44.4ms | ActiveRecord: 0.0ms | Allocations: 8655)


Started GET "/quotes" for ::1 at 2022-06-21 23:04:24 +0500
Processing by QuotesController#index as HTML
  Rendering layout layouts/application.html.erb
  Rendering quotes/index.html.erb within layouts/application
  [1m[36mQuote Load (0.2ms)[0m  [1m[34mSELECT "quotes".* FROM "quotes"[0m
  ↳ app/views/quotes/index.html.erb:9
  Rendered collection of quotes/_quote.html.erb [1 times] (Duration: 10.5ms | Allocations: 561)
  Rendered quotes/index.html.erb within layouts/application (Duration: 23.6ms | Allocations: 1306)
  Rendered layout layouts/application.html.erb (Duration: 32.3ms | Allocations: 2317)
Completed 200 OK in 34ms (Views: 33.1ms | ActiveRecord: 0.2ms | Allocations: 2586)


Started DELETE "/quotes/1" for ::1 at 2022-06-21 23:04:36 +0500
Processing by QuotesController#destroy as HTML
  Parameters: {"authenticity_token"=>"[FILTERED]", "id"=>"1"}
  [1m[36mQuote Load (0.2ms)[0m  [1m[34mSELECT "quotes".* FROM "quotes" WHERE "quotes"."id" = ? LIMIT ?[0m  [["id", 1], ["LIMIT", 1]]
  ↳ app/controllers/quotes_controller.rb:45:in `set_quote'
  [1m[36mTRANSACTION (5.8ms)[0m  [1m[36mbegin transaction[0m
  ↳ app/controllers/quotes_controller.rb:38:in `destroy'
  [1m[36mQuote Destroy (0.4ms)[0m  [1m[31mDELETE FROM "quotes" WHERE "quotes"."id" = ?[0m  [["id", 1]]
  ↳ app/controllers/quotes_controller.rb:38:in `destroy'
  [1m[36mTRANSACTION (3.9ms)[0m  [1m[36mcommit transaction[0m
  ↳ app/controllers/quotes_controller.rb:38:in `destroy'
Redirected to http://localhost:3000/quotes
Completed 302 Found in 46ms (ActiveRecord: 10.4ms | Allocations: 2440)


Started GET "/quotes" for ::1 at 2022-06-21 23:04:36 +0500
Processing by QuotesController#index as HTML
  Rendering layout layouts/application.html.erb
  Rendering quotes/index.html.erb within layouts/application
  [1m[36mQuote Load (0.2ms)[0m  [1m[34mSELECT "quotes".* FROM "quotes"[0m
  ↳ app/views/quotes/index.html.erb:9
  Rendered collection of templates [0 times] (Duration: 0.1ms | Allocations: 14)
  Rendered quotes/index.html.erb within layouts/application (Duration: 2.9ms | Allocations: 703)
  Rendered layout layouts/application.html.erb (Duration: 6.7ms | Allocations: 1931)
Completed 200 OK in 9ms (Views: 8.2ms | ActiveRecord: 0.2ms | Allocations: 2200)


  [1m[35m (0.7ms)[0m  [1m[34mSELECT sqlite_version(*)[0m
  [1m[35m (0.1ms)[0m  [1m[35mPRAGMA foreign_keys[0m
  [1m[35m (0.1ms)[0m  [1m[35mPRAGMA defer_foreign_keys[0m
  [1m[35m (0.1ms)[0m  [1m[35mPRAGMA defer_foreign_keys = ON[0m
  [1m[35m (0.1ms)[0m  [1m[35mPRAGMA foreign_keys = OFF[0m
  [1m[36mTRANSACTION (0.1ms)[0m  [1m[36mbegin transaction[0m
  [1m[36mFixtures Load (0.4ms)[0m  [1m[31mDELETE FROM "quotes";
INSERT INTO "quotes" ("id", "name", "created_at", "updated_at") VALUES (309456473, 'First quote', '2022-06-21 18:05:30.586653', '2022-06-21 18:05:30.586653');
INSERT INTO "quotes" ("id", "name", "created_at", "updated_at") VALUES (908005739, 'Second quote', '2022-06-21 18:05:30.586653', '2022-06-21 18:05:30.586653');
INSERT INTO "quotes" ("id", "name", "created_at", "updated_at") VALUES (607264868, 'Third quote', '2022-06-21 18:05:30.586653', '2022-06-21 18:05:30.586653')[0m
  [1m[36mTRANSACTION (5.2ms)[0m  [1m[36mcommit transaction[0m
  [1m[35m (0.1ms)[0m  [1m[35mPRAGMA defer_foreign_keys = 0[0m
  [1m[35m (0.1ms)[0m  [1m[35mPRAGMA foreign_keys = 1[0m
  [1m[35m (0.1ms)[0m  [1m[35mPRAGMA foreign_key_check[0m
Started GET "/quotes" for ::1 at 2022-06-21 23:05:56 +0500
  [1m[35m (0.7ms)[0m  [1m[34mSELECT sqlite_version(*)[0m
  [1m[36mActiveRecord::SchemaMigration Pluck (0.4ms)[0m  [1m[34mSELECT "schema_migrations"."version" FROM "schema_migrations" ORDER BY "schema_migrations"."version" ASC[0m
Processing by QuotesController#index as HTML
  Rendering layout layouts/application.html.erb
  Rendering quotes/index.html.erb within layouts/application
  [1m[36mQuote Load (0.4ms)[0m  [1m[34mSELECT "quotes".* FROM "quotes"[0m
  ↳ app/views/quotes/index.html.erb:9
  Rendered collection of quotes/_quote.html.erb [3 times] (Duration: 9.4ms | Allocations: 1738)
  Rendered quotes/index.html.erb within layouts/application (Duration: 22.3ms | Allocations: 6462)
  Rendered layout layouts/application.html.erb (Duration: 93.3ms | Allocations: 26445)
Completed 200 OK in 109ms (Views: 96.4ms | ActiveRecord: 1.2ms | Allocations: 30591)


Started GET "/quotes" for ::1 at 2022-06-21 23:29:56 +0500
  [1m[35m (0.7ms)[0m  [1m[34mSELECT sqlite_version(*)[0m
  [1m[36mActiveRecord::SchemaMigration Pluck (0.3ms)[0m  [1m[34mSELECT "schema_migrations"."version" FROM "schema_migrations" ORDER BY "schema_migrations"."version" ASC[0m
Processing by QuotesController#index as HTML
  Rendering layout layouts/application.html.erb
  Rendering quotes/index.html.erb within layouts/application
  [1m[36mQuote Load (0.3ms)[0m  [1m[34mSELECT "quotes".* FROM "quotes"[0m
  ↳ app/views/quotes/index.html.erb:9
  Rendered collection of quotes/_quote.html.erb [3 times] (Duration: 8.7ms | Allocations: 1717)
  Rendered quotes/index.html.erb within layouts/application (Duration: 22.5ms | Allocations: 6445)
  Rendered layout layouts/application.html.erb (Duration: 139.3ms | Allocations: 34249)
Completed 500 Internal Server Error in 153ms (ActiveRecord: 1.5ms | Allocations: 38325)


  
LoadError (cannot load such file -- sassc):
  
bootsnap (1.12.0) lib/bootsnap/load_path_cache/core_ext/kernel_require.rb:15:in `require'
bootsnap (1.12.0) lib/bootsnap/load_path_cache/core_ext/kernel_require.rb:15:in `require'
zeitwerk (2.6.0) lib/zeitwerk/kernel.rb:35:in `require'
sprockets (4.0.3) lib/sprockets/autoload/sassc.rb:2:in `<main>'
bootsnap (1.12.0) lib/bootsnap/load_path_cache/core_ext/kernel_require.rb:30:in `require'
bootsnap (1.12.0) lib/bootsnap/load_path_cache/core_ext/kernel_require.rb:30:in `require'
zeitwerk (2.6.0) lib/zeitwerk/kernel.rb:35:in `require'
sprockets (4.0.3) lib/sprockets/sassc_processor.rb:42:in `initialize'
sprockets (4.0.3) lib/sprockets/sassc_processor.rb:27:in `new'
sprockets (4.0.3) lib/sprockets/sassc_processor.rb:27:in `instance'
sprockets (4.0.3) lib/sprockets/sassc_processor.rb:31:in `call'
sprockets (4.0.3) lib/sprockets/processor_utils.rb:84:in `call_processor'
sprockets (4.0.3) lib/sprockets/processor_utils.rb:66:in `block in call_processors'
sprockets (4.0.3) lib/sprockets/processor_utils.rb:65:in `reverse_each'
sprockets (4.0.3) lib/sprockets/processor_utils.rb:65:in `call_processors'
sprockets (4.0.3) lib/sprockets/processor_utils.rb:22:in `block in <class:CompositeProcessor>'
sprockets (4.0.3) lib/sprockets/processor_utils.rb:33:in `call'
sprockets (4.0.3) lib/sprockets/processor_utils.rb:84:in `call_processor'
sprockets (4.0.3) lib/sprockets/processor_utils.rb:66:in `block in call_processors'
sprockets (4.0.3) lib/sprockets/processor_utils.rb:65:in `reverse_each'
sprockets (4.0.3) lib/sprockets/processor_utils.rb:65:in `call_processors'
sprockets (4.0.3) lib/sprockets/loader.rb:182:in `load_from_unloaded'
sprockets (4.0.3) lib/sprockets/loader.rb:59:in `block in load'
sprockets (4.0.3) lib/sprockets/loader.rb:337:in `fetch_asset_from_dependency_cache'
sprockets (4.0.3) lib/sprockets/loader.rb:43:in `load'
sprockets (4.0.3) lib/sprockets/cached_environment.rb:44:in `load'
sprockets (4.0.3) lib/sprockets/bundle.rb:27:in `call'
sprockets (4.0.3) lib/sprockets/processor_utils.rb:84:in `call_processor'
sprockets (4.0.3) lib/sprockets/processor_utils.rb:66:in `block in call_processors'
sprockets (4.0.3) lib/sprockets/processor_utils.rb:65:in `reverse_each'
sprockets (4.0.3) lib/sprockets/processor_utils.rb:65:in `call_processors'
sprockets (4.0.3) lib/sprockets/loader.rb:182:in `load_from_unloaded'
sprockets (4.0.3) lib/sprockets/loader.rb:59:in `block in load'
sprockets (4.0.3) lib/sprockets/loader.rb:337:in `fetch_asset_from_dependency_cache'
sprockets (4.0.3) lib/sprockets/loader.rb:43:in `load'
sprockets (4.0.3) lib/sprockets/cached_environment.rb:44:in `load'
sprockets (4.0.3) lib/sprockets/bundle.rb:32:in `block in call'
/home/kashif/.rvm/rubies/ruby-3.1.0/lib/ruby/3.1.0/set.rb:511:in `each_key'
/home/kashif/.rvm/rubies/ruby-3.1.0/lib/ruby/3.1.0/set.rb:511:in `each'
sprockets (4.0.3) lib/sprockets/bundle.rb:31:in `call'
sprockets (4.0.3) lib/sprockets/processor_utils.rb:84:in `call_processor'
sprockets (4.0.3) lib/sprockets/processor_utils.rb:66:in `block in call_processors'
sprockets (4.0.3) lib/sprockets/processor_utils.rb:65:in `reverse_each'
sprockets (4.0.3) lib/sprockets/processor_utils.rb:65:in `call_processors'
sprockets (4.0.3) lib/sprockets/loader.rb:182:in `load_from_unloaded'
sprockets (4.0.3) lib/sprockets/loader.rb:59:in `block in load'
sprockets (4.0.3) lib/sprockets/loader.rb:337:in `fetch_asset_from_dependency_cache'
sprockets (4.0.3) lib/sprockets/loader.rb:43:in `load'
sprockets (4.0.3) lib/sprockets/cached_environment.rb:44:in `load'
sprockets (4.0.3) lib/sprockets/base.rb:81:in `find_asset'
sprockets (4.0.3) lib/sprockets/base.rb:88:in `find_all_linked_assets'
sprockets (4.0.3) lib/sprockets/manifest.rb:125:in `each'
sprockets (4.0.3) lib/sprockets/manifest.rb:125:in `to_a'
sprockets (4.0.3) lib/sprockets/manifest.rb:125:in `block (2 levels) in find'
concurrent-ruby (1.1.10) lib/concurrent-ruby/concurrent/executor/safe_task_executor.rb:24:in `block in execute'
concurrent-ruby (1.1.10) lib/concurrent-ruby/concurrent/synchronization/mutex_lockable_object.rb:47:in `block in synchronize'
concurrent-ruby (1.1.10) lib/concurrent-ruby/concurrent/synchronization/mutex_lockable_object.rb:47:in `synchronize'
concurrent-ruby (1.1.10) lib/concurrent-ruby/concurrent/synchronization/mutex_lockable_object.rb:47:in `synchronize'
concurrent-ruby (1.1.10) lib/concurrent-ruby/concurrent/executor/safe_task_executor.rb:22:in `execute'
concurrent-ruby (1.1.10) lib/concurrent-ruby/concurrent/promise.rb:564:in `block in realize'
concurrent-ruby (1.1.10) lib/concurrent-ruby/concurrent/executor/ruby_thread_pool_executor.rb:352:in `run_task'
concurrent-ruby (1.1.10) lib/concurrent-ruby/concurrent/executor/ruby_thread_pool_executor.rb:343:in `block (3 levels) in create_worker'
concurrent-ruby (1.1.10) lib/concurrent-ruby/concurrent/executor/ruby_thread_pool_executor.rb:334:in `loop'
concurrent-ruby (1.1.10) lib/concurrent-ruby/concurrent/executor/ruby_thread_pool_executor.rb:334:in `block (2 levels) in create_worker'
concurrent-ruby (1.1.10) lib/concurrent-ruby/concurrent/executor/ruby_thread_pool_executor.rb:333:in `catch'
concurrent-ruby (1.1.10) lib/concurrent-ruby/concurrent/executor/ruby_thread_pool_executor.rb:333:in `block in create_worker'
Started GET "/quotes" for ::1 at 2022-06-21 23:30:59 +0500
Processing by QuotesController#index as HTML
  Rendering layout layouts/application.html.erb
  Rendering quotes/index.html.erb within layouts/application
  [1m[36mQuote Load (0.2ms)[0m  [1m[34mSELECT "quotes".* FROM "quotes"[0m
  ↳ app/views/quotes/index.html.erb:9
  Rendered collection of quotes/_quote.html.erb [3 times] (Duration: 4.6ms | Allocations: 1223)
  Rendered quotes/index.html.erb within layouts/application (Duration: 8.4ms | Allocations: 2088)
  Rendered layout layouts/application.html.erb (Duration: 13.7ms | Allocations: 4309)
Completed 500 Internal Server Error in 15ms (ActiveRecord: 0.2ms | Allocations: 4610)


  
ActionView::Template::Error (The asset "application.css" is not present in the asset pipeline.
):
     6:     <%= csrf_meta_tags %>
     7:     <%= csp_meta_tag %>
     8: 
     9:     <%= stylesheet_link_tag "application", "data-turbo-track": "reload" %>
    10:   </head>
    11: 
    12:   <body>
  
app/views/layouts/application.html.erb:9
Started GET "/quotes" for ::1 at 2022-06-21 23:32:21 +0500
Processing by QuotesController#index as HTML
  Rendering layout layouts/application.html.erb
  Rendering quotes/index.html.erb within layouts/application
  [1m[36mQuote Load (0.6ms)[0m  [1m[34mSELECT "quotes".* FROM "quotes"[0m
  ↳ app/views/quotes/index.html.erb:9
  Rendered collection of quotes/_quote.html.erb [3 times] (Duration: 5.1ms | Allocations: 1147)
  Rendered quotes/index.html.erb within layouts/application (Duration: 10.6ms | Allocations: 1919)
  Rendered layout layouts/application.html.erb (Duration: 44.1ms | Allocations: 15199)
Completed 500 Internal Server Error in 46ms (ActiveRecord: 0.6ms | Allocations: 15448)


  
LoadError (cannot load such file -- sassc):
  
app/views/layouts/application.html.erb:9
Started GET "/quotes" for ::1 at 2022-06-21 23:34:13 +0500
Processing by QuotesController#index as HTML
  Rendering layout layouts/application.html.erb
  Rendering quotes/index.html.erb within layouts/application
  [1m[36mQuote Load (0.3ms)[0m  [1m[34mSELECT "quotes".* FROM "quotes"[0m
  ↳ app/views/quotes/index.html.erb:9
  Rendered collection of quotes/_quote.html.erb [3 times] (Duration: 5.2ms | Allocations: 1147)
  Rendered quotes/index.html.erb within layouts/application (Duration: 9.8ms | Allocations: 1919)
  Rendered layout layouts/application.html.erb (Duration: 39.4ms | Allocations: 14530)
Completed 500 Internal Server Error in 41ms (ActiveRecord: 0.3ms | Allocations: 14779)


  
LoadError (cannot load such file -- sassc):
  
app/views/layouts/application.html.erb:9
Started GET "/quotes" for ::1 at 2022-06-21 23:37:42 +0500
  [1m[35m (0.8ms)[0m  [1m[34mSELECT sqlite_version(*)[0m
  [1m[36mActiveRecord::SchemaMigration Pluck (0.4ms)[0m  [1m[34mSELECT "schema_migrations"."version" FROM "schema_migrations" ORDER BY "schema_migrations"."version" ASC[0m
Processing by QuotesController#index as HTML
  Rendering layout layouts/application.html.erb
  Rendering quotes/index.html.erb within layouts/application
  [1m[36mQuote Load (0.4ms)[0m  [1m[34mSELECT "quotes".* FROM "quotes"[0m
  ↳ app/views/quotes/index.html.erb:9
  Rendered collection of quotes/_quote.html.erb [3 times] (Duration: 11.2ms | Allocations: 1717)
  Rendered quotes/index.html.erb within layouts/application (Duration: 27.4ms | Allocations: 6441)
  Rendered layout layouts/application.html.erb (Duration: 60.0ms | Allocations: 11999)
Completed 500 Internal Server Error in 79ms (ActiveRecord: 1.2ms | Allocations: 16075)


  
LoadError (cannot load such file -- sassc):
  
app/views/layouts/application.html.erb:9
Started GET "/quotes" for ::1 at 2022-06-21 23:41:28 +0500
Processing by QuotesController#index as HTML
  Rendering layout layouts/application.html.erb
  Rendering quotes/index.html.erb within layouts/application
  [1m[36mQuote Load (0.2ms)[0m  [1m[34mSELECT "quotes".* FROM "quotes"[0m
  ↳ app/views/quotes/index.html.erb:9
  Rendered collection of quotes/_quote.html.erb [3 times] (Duration: 4.4ms | Allocations: 1223)
  Rendered quotes/index.html.erb within layouts/application (Duration: 13.2ms | Allocations: 2088)
  Rendered layout layouts/application.html.erb (Duration: 59.5ms | Allocations: 15473)
Completed 500 Internal Server Error in 61ms (ActiveRecord: 0.2ms | Allocations: 15764)


  
LoadError (cannot load such file -- sassc):
  
app/views/layouts/application.html.erb:9
Started GET "/quotes" for ::1 at 2022-06-21 23:42:13 +0500
  [1m[35m (1.3ms)[0m  [1m[34mSELECT sqlite_version(*)[0m
  [1m[36mActiveRecord::SchemaMigration Pluck (0.8ms)[0m  [1m[34mSELECT "schema_migrations"."version" FROM "schema_migrations" ORDER BY "schema_migrations"."version" ASC[0m
Processing by QuotesController#index as HTML
  Rendering layout layouts/application.html.erb
  Rendering quotes/index.html.erb within layouts/application
  [1m[36mQuote Load (0.4ms)[0m  [1m[34mSELECT "quotes".* FROM "quotes"[0m
  ↳ app/views/quotes/index.html.erb:9
  Rendered collection of quotes/_quote.html.erb [3 times] (Duration: 13.1ms | Allocations: 1720)
  Rendered quotes/index.html.erb within layouts/application (Duration: 163.4ms | Allocations: 6444)
  Rendered layout layouts/application.html.erb (Duration: 209.3ms | Allocations: 15789)
Completed 500 Internal Server Error in 228ms (ActiveRecord: 1.8ms | Allocations: 19865)


  
LoadError (cannot load such file -- sassc):
  
app/views/layouts/application.html.erb:9
Started GET "/quotes" for ::1 at 2022-06-21 23:44:35 +0500
Processing by QuotesController#index as HTML
  Rendering layout layouts/application.html.erb
  Rendering quotes/index.html.erb within layouts/application
  [1m[36mQuote Load (0.2ms)[0m  [1m[34mSELECT "quotes".* FROM "quotes"[0m
  ↳ app/views/quotes/index.html.erb:9
  Rendered collection of quotes/_quote.html.erb [3 times] (Duration: 5.6ms | Allocations: 1223)
  Rendered quotes/index.html.erb within layouts/application (Duration: 9.8ms | Allocations: 2088)
  Rendered layout layouts/application.html.erb (Duration: 48.9ms | Allocations: 15383)
Completed 500 Internal Server Error in 51ms (ActiveRecord: 0.2ms | Allocations: 15674)


  
LoadError (cannot load such file -- sassc):
  
app/views/layouts/application.html.erb:9
Started GET "/quotes" for ::1 at 2022-06-21 23:45:27 +0500
  [1m[35m (0.9ms)[0m  [1m[34mSELECT sqlite_version(*)[0m
  [1m[36mActiveRecord::SchemaMigration Pluck (0.5ms)[0m  [1m[34mSELECT "schema_migrations"."version" FROM "schema_migrations" ORDER BY "schema_migrations"."version" ASC[0m
Processing by QuotesController#index as HTML
  Rendering layout layouts/application.html.erb
  Rendering quotes/index.html.erb within layouts/application
  [1m[36mQuote Load (0.4ms)[0m  [1m[34mSELECT "quotes".* FROM "quotes"[0m
  ↳ app/views/quotes/index.html.erb:9
  Rendered collection of quotes/_quote.html.erb [3 times] (Duration: 12.4ms | Allocations: 1717)
  Rendered quotes/index.html.erb within layouts/application (Duration: 35.4ms | Allocations: 6445)
  Rendered layout layouts/application.html.erb (Duration: 78.1ms | Allocations: 16064)
Completed 500 Internal Server Error in 98ms (ActiveRecord: 1.7ms | Allocations: 20140)


  
LoadError (cannot load such file -- sassc):
  
app/views/layouts/application.html.erb:9
Started GET "/quotes" for ::1 at 2022-06-21 23:46:27 +0500
Processing by QuotesController#index as HTML
  Rendering layout layouts/application.html.erb
  Rendering quotes/index.html.erb within layouts/application
  [1m[36mQuote Load (0.3ms)[0m  [1m[34mSELECT "quotes".* FROM "quotes"[0m
  ↳ app/views/quotes/index.html.erb:9
  Rendered collection of quotes/_quote.html.erb [3 times] (Duration: 6.8ms | Allocations: 1409)
  Rendered quotes/index.html.erb within layouts/application (Duration: 13.5ms | Allocations: 2561)
  Rendered layout layouts/application.html.erb (Duration: 16.5ms | Allocations: 2950)
Completed 200 OK in 21ms (Views: 19.4ms | ActiveRecord: 0.3ms | Allocations: 3853)


Started GET "/quotes" for ::1 at 2022-06-21 23:49:24 +0500
Processing by QuotesController#index as HTML
  Rendering layout layouts/application.html.erb
  Rendering quotes/index.html.erb within layouts/application
  [1m[36mQuote Load (0.3ms)[0m  [1m[34mSELECT "quotes".* FROM "quotes"[0m
  ↳ app/views/quotes/index.html.erb:9
  Rendered collection of quotes/_quote.html.erb [3 times] (Duration: 4.6ms | Allocations: 1421)
  Rendered quotes/index.html.erb within layouts/application (Duration: 8.9ms | Allocations: 2571)
  Rendered layout layouts/application.html.erb (Duration: 39.3ms | Allocations: 13795)
Completed 500 Internal Server Error in 43ms (ActiveRecord: 0.3ms | Allocations: 14615)


  
LoadError (cannot load such file -- sassc):
  
app/views/layouts/application.html.erb:9
Started GET "/" for ::1 at 2022-06-25 09:58:56 +0500
  [1m[35m (1.8ms)[0m  [1m[34mSELECT sqlite_version(*)[0m
  [1m[36mActiveRecord::SchemaMigration Pluck (0.4ms)[0m  [1m[34mSELECT "schema_migrations"."version" FROM "schema_migrations" ORDER BY "schema_migrations"."version" ASC[0m
Processing by Rails::WelcomeController#index as HTML
  Rendering /home/kashif/.rvm/gems/ruby-3.1.0@test/gems/railties-7.0.3/lib/rails/templates/rails/welcome/index.html.erb
  Rendered /home/kashif/.rvm/gems/ruby-3.1.0@test/gems/railties-7.0.3/lib/rails/templates/rails/welcome/index.html.erb (Duration: 3.8ms | Allocations: 536)
Completed 200 OK in 22ms (Views: 8.5ms | ActiveRecord: 0.0ms | Allocations: 3691)


Started GET "/quotes" for ::1 at 2022-06-25 09:59:07 +0500
Processing by QuotesController#index as HTML
  Rendering layout layouts/application.html.erb
  Rendering quotes/index.html.erb within layouts/application
  [1m[36mQuote Load (0.3ms)[0m  [1m[34mSELECT "quotes".* FROM "quotes"[0m
  ↳ app/views/quotes/index.html.erb:9
  Rendered collection of quotes/_quote.html.erb [3 times] (Duration: 10.2ms | Allocations: 1588)
  Rendered quotes/index.html.erb within layouts/application (Duration: 24.4ms | Allocations: 6116)
  Rendered layout layouts/application.html.erb (Duration: 138.3ms | Allocations: 20134)
Completed 500 Internal Server Error in 146ms (ActiveRecord: 1.2ms | Allocations: 22006)


  
ActionView::Template::Error (Error: no mixin named media
        on line 13:12 of app/assets/stylesheets/components/_quote.scss
>>   @include media(tabletAndUp) {

   -----------^
):
     6:     <%= csrf_meta_tags %>
     7:     <%= csp_meta_tag %>
     8: 
     9:     <%= stylesheet_link_tag "application", "data-turbo-track": "reload" %>
    10:     
    11: 
    12:   </head>
  
app/assets/stylesheets/components/_quote.scss:13
app/views/layouts/application.html.erb:9
Started GET "/quotes" for ::1 at 2022-06-25 10:01:16 +0500
Processing by QuotesController#index as HTML
  Rendering layout layouts/application.html.erb
  Rendering quotes/index.html.erb within layouts/application
  [1m[36mQuote Load (0.2ms)[0m  [1m[34mSELECT "quotes".* FROM "quotes"[0m
  ↳ app/views/quotes/index.html.erb:9
  Rendered collection of quotes/_quote.html.erb [3 times] (Duration: 3.1ms | Allocations: 1112)
  Rendered quotes/index.html.erb within layouts/application (Duration: 6.7ms | Allocations: 1975)
  Rendered layout layouts/application.html.erb (Duration: 29.4ms | Allocations: 7018)
Completed 500 Internal Server Error in 31ms (ActiveRecord: 0.2ms | Allocations: 7312)


  
ActionView::Template::Error (Error: no mixin named media
        on line 13:12 of app/assets/stylesheets/components/_quote.scss
>>   @include media(tabletAndUp) {

   -----------^
):
     6:     <%= csrf_meta_tags %>
     7:     <%= csp_meta_tag %>
     8: 
     9:     <%= stylesheet_link_tag "application", "data-turbo-track": "reload" %>
    10:     
    11: 
    12:   </head>
  
app/assets/stylesheets/components/_quote.scss:13
app/views/layouts/application.html.erb:9
Started GET "/quotes" for ::1 at 2022-06-25 10:01:31 +0500
Processing by QuotesController#index as HTML
  Rendering layout layouts/application.html.erb
  Rendering quotes/index.html.erb within layouts/application
  [1m[36mQuote Load (0.2ms)[0m  [1m[34mSELECT "quotes".* FROM "quotes"[0m
  ↳ app/views/quotes/index.html.erb:9
  Rendered collection of quotes/_quote.html.erb [3 times] (Duration: 4.1ms | Allocations: 1047)
  Rendered quotes/index.html.erb within layouts/application (Duration: 7.3ms | Allocations: 1813)
  Rendered layout layouts/application.html.erb (Duration: 91.6ms | Allocations: 12861)
Completed 500 Internal Server Error in 93ms (ActiveRecord: 0.2ms | Allocations: 13104)


  
ActionView::Template::Error (Error: no mixin named media
        on line 8:12 of app/assets/stylesheets/layouts/_container.scss
>>   @include media(tabletAndUp) {

   -----------^
):
     6:     <%= csrf_meta_tags %>
     7:     <%= csp_meta_tag %>
     8: 
     9:     <%= stylesheet_link_tag "application", "data-turbo-track": "reload" %>
    10:     
    11: 
    12:   </head>
  
app/assets/stylesheets/layouts/_container.scss:8
app/views/layouts/application.html.erb:9
Started GET "/quotes" for ::1 at 2022-06-25 10:02:37 +0500
Processing by QuotesController#index as HTML
  Rendering layout layouts/application.html.erb
  Rendering quotes/index.html.erb within layouts/application
  [1m[36mQuote Load (0.2ms)[0m  [1m[34mSELECT "quotes".* FROM "quotes"[0m
  ↳ app/views/quotes/index.html.erb:9
  Rendered collection of quotes/_quote.html.erb [3 times] (Duration: 2.3ms | Allocations: 1047)
  Rendered quotes/index.html.erb within layouts/application (Duration: 5.3ms | Allocations: 1819)
  Rendered layout layouts/application.html.erb (Duration: 44.6ms | Allocations: 10572)
Completed 500 Internal Server Error in 46ms (ActiveRecord: 0.2ms | Allocations: 10823)


  
ActionView::Template::Error (Error: no mixin named media
        on line 9:12 of app/assets/stylesheets/layouts/_header.scss
>>   @include media(tabletAndUp) {

   -----------^
):
     6:     <%= csrf_meta_tags %>
     7:     <%= csp_meta_tag %>
     8: 
     9:     <%= stylesheet_link_tag "application", "data-turbo-track": "reload" %>
    10:     
    11: 
    12:   </head>
  
app/assets/stylesheets/layouts/_header.scss:9
app/views/layouts/application.html.erb:9
Started GET "/quotes" for ::1 at 2022-06-25 10:03:03 +0500
Processing by QuotesController#index as HTML
  Rendering layout layouts/application.html.erb
  Rendering quotes/index.html.erb within layouts/application
  [1m[36mQuote Load (0.2ms)[0m  [1m[34mSELECT "quotes".* FROM "quotes"[0m
  ↳ app/views/quotes/index.html.erb:9
  Rendered collection of quotes/_quote.html.erb [3 times] (Duration: 2.8ms | Allocations: 1047)
  Rendered quotes/index.html.erb within layouts/application (Duration: 7.8ms | Allocations: 1814)
  Rendered layout layouts/application.html.erb (Duration: 124.6ms | Allocations: 32673)
Completed 500 Internal Server Error in 127ms (ActiveRecord: 0.2ms | Allocations: 33214)


  
ActionView::Template::Error (Multiple files with the same output path cannot be linked ("application.css")
In "/home/kashif/rails/quote-app/app/assets/config/manifest.js" these files were linked:
  - /home/kashif/rails/quote-app/app/assets/stylesheets/application.css
  - /home/kashif/rails/quote-app/app/assets/stylesheets/application.scss
):
  
sprockets (4.0.3) lib/sprockets/base.rb:100:in `find_all_linked_assets'
sprockets (4.0.3) lib/sprockets/manifest.rb:125:in `each'
sprockets (4.0.3) lib/sprockets/manifest.rb:125:in `to_a'
sprockets (4.0.3) lib/sprockets/manifest.rb:125:in `block (2 levels) in find'
concurrent-ruby (1.1.10) lib/concurrent-ruby/concurrent/executor/safe_task_executor.rb:24:in `block in execute'
concurrent-ruby (1.1.10) lib/concurrent-ruby/concurrent/synchronization/mutex_lockable_object.rb:47:in `block in synchronize'
concurrent-ruby (1.1.10) lib/concurrent-ruby/concurrent/synchronization/mutex_lockable_object.rb:47:in `synchronize'
concurrent-ruby (1.1.10) lib/concurrent-ruby/concurrent/synchronization/mutex_lockable_object.rb:47:in `synchronize'
concurrent-ruby (1.1.10) lib/concurrent-ruby/concurrent/executor/safe_task_executor.rb:22:in `execute'
concurrent-ruby (1.1.10) lib/concurrent-ruby/concurrent/promise.rb:564:in `block in realize'
concurrent-ruby (1.1.10) lib/concurrent-ruby/concurrent/executor/ruby_thread_pool_executor.rb:352:in `run_task'
concurrent-ruby (1.1.10) lib/concurrent-ruby/concurrent/executor/ruby_thread_pool_executor.rb:343:in `block (3 levels) in create_worker'
concurrent-ruby (1.1.10) lib/concurrent-ruby/concurrent/executor/ruby_thread_pool_executor.rb:334:in `loop'
concurrent-ruby (1.1.10) lib/concurrent-ruby/concurrent/executor/ruby_thread_pool_executor.rb:334:in `block (2 levels) in create_worker'
concurrent-ruby (1.1.10) lib/concurrent-ruby/concurrent/executor/ruby_thread_pool_executor.rb:333:in `catch'
concurrent-ruby (1.1.10) lib/concurrent-ruby/concurrent/executor/ruby_thread_pool_executor.rb:333:in `block in create_worker'
Started GET "/quotes" for ::1 at 2022-06-25 10:03:27 +0500
Processing by QuotesController#index as HTML
  Rendering layout layouts/application.html.erb
  Rendering quotes/index.html.erb within layouts/application
  [1m[36mQuote Load (0.2ms)[0m  [1m[34mSELECT "quotes".* FROM "quotes"[0m
  ↳ app/views/quotes/index.html.erb:9
  Rendered collection of quotes/_quote.html.erb [3 times] (Duration: 2.0ms | Allocations: 1047)
  Rendered quotes/index.html.erb within layouts/application (Duration: 4.4ms | Allocations: 1813)
  Rendered layout layouts/application.html.erb (Duration: 94.9ms | Allocations: 30081)
Completed 200 OK in 97ms (Views: 96.2ms | ActiveRecord: 0.2ms | Allocations: 30372)


Started GET "/quotes" for ::1 at 2022-06-25 10:03:36 +0500
Processing by QuotesController#index as HTML
  Rendering layout layouts/application.html.erb
  Rendering quotes/index.html.erb within layouts/application
  [1m[36mQuote Load (0.3ms)[0m  [1m[34mSELECT "quotes".* FROM "quotes"[0m
  ↳ app/views/quotes/index.html.erb:9
  Rendered collection of quotes/_quote.html.erb [3 times] (Duration: 4.0ms | Allocations: 1163)
  Rendered quotes/index.html.erb within layouts/application (Duration: 7.8ms | Allocations: 1929)
  Rendered layout layouts/application.html.erb (Duration: 10.6ms | Allocations: 2934)
Completed 200 OK in 12ms (Views: 11.1ms | ActiveRecord: 0.3ms | Allocations: 3204)


Started GET "/quotes" for ::1 at 2022-06-25 10:03:37 +0500
Processing by QuotesController#index as HTML
  Rendering layout layouts/application.html.erb
  Rendering quotes/index.html.erb within layouts/application
  [1m[36mQuote Load (0.2ms)[0m  [1m[34mSELECT "quotes".* FROM "quotes"[0m
  ↳ app/views/quotes/index.html.erb:9
  Rendered collection of quotes/_quote.html.erb [3 times] (Duration: 3.0ms | Allocations: 1125)
  Rendered quotes/index.html.erb within layouts/application (Duration: 5.7ms | Allocations: 1891)
  Rendered layout layouts/application.html.erb (Duration: 9.7ms | Allocations: 2896)
Completed 200 OK in 11ms (Views: 10.5ms | ActiveRecord: 0.2ms | Allocations: 3165)


Started GET "/quotes" for ::1 at 2022-06-25 10:03:51 +0500
  [1m[35m (0.7ms)[0m  [1m[34mSELECT sqlite_version(*)[0m
  [1m[36mActiveRecord::SchemaMigration Pluck (0.2ms)[0m  [1m[34mSELECT "schema_migrations"."version" FROM "schema_migrations" ORDER BY "schema_migrations"."version" ASC[0m
Processing by QuotesController#index as HTML
  Rendering layout layouts/application.html.erb
  Rendering quotes/index.html.erb within layouts/application
  [1m[36mQuote Load (0.3ms)[0m  [1m[34mSELECT "quotes".* FROM "quotes"[0m
  ↳ app/views/quotes/index.html.erb:9
  Rendered collection of quotes/_quote.html.erb [3 times] (Duration: 8.4ms | Allocations: 1714)
  Rendered quotes/index.html.erb within layouts/application (Duration: 25.8ms | Allocations: 6438)
  Rendered layout layouts/application.html.erb (Duration: 104.2ms | Allocations: 28838)
Completed 200 OK in 119ms (Views: 107.7ms | ActiveRecord: 1.7ms | Allocations: 32984)


Started GET "/quotes" for ::1 at 2022-06-25 10:07:50 +0500
  [1m[35m (0.7ms)[0m  [1m[34mSELECT sqlite_version(*)[0m
  [1m[36mActiveRecord::SchemaMigration Pluck (0.2ms)[0m  [1m[34mSELECT "schema_migrations"."version" FROM "schema_migrations" ORDER BY "schema_migrations"."version" ASC[0m
Processing by QuotesController#index as HTML
  Rendering layout layouts/application.html.erb
  Rendering quotes/index.html.erb within layouts/application
  [1m[36mQuote Load (0.4ms)[0m  [1m[34mSELECT "quotes".* FROM "quotes"[0m
  ↳ app/views/quotes/index.html.erb:9
  Rendered collection of quotes/_quote.html.erb [3 times] (Duration: 8.7ms | Allocations: 1696)
  Rendered quotes/index.html.erb within layouts/application (Duration: 24.4ms | Allocations: 6420)
  Rendered layout layouts/application.html.erb (Duration: 109.8ms | Allocations: 30864)
Completed 200 OK in 128ms (Views: 114.2ms | ActiveRecord: 1.2ms | Allocations: 35010)


Started GET "/quotes" for ::1 at 2022-06-25 10:08:59 +0500
Processing by QuotesController#index as HTML
  Rendering layout layouts/application.html.erb
  Rendering quotes/index.html.erb within layouts/application
  [1m[36mQuote Load (0.2ms)[0m  [1m[34mSELECT "quotes".* FROM "quotes"[0m
  ↳ app/views/quotes/index.html.erb:9
  Rendered collection of quotes/_quote.html.erb [3 times] (Duration: 3.0ms | Allocations: 1196)
  Rendered quotes/index.html.erb within layouts/application (Duration: 5.7ms | Allocations: 2066)
  Rendered layout layouts/application.html.erb (Duration: 84.4ms | Allocations: 7410)
Completed 200 OK in 86ms (Views: 85.0ms | ActiveRecord: 0.2ms | Allocations: 7754)


Started GET "/quotes/new" for ::1 at 2022-06-25 10:09:12 +0500
Processing by QuotesController#new as HTML
  Rendering layout layouts/application.html.erb
  Rendering quotes/new.html.erb within layouts/application
  Rendered quotes/_form.html.erb (Duration: 79.3ms | Allocations: 21681)
  Rendered quotes/new.html.erb within layouts/application (Duration: 89.1ms | Allocations: 22337)
  Rendered layout layouts/application.html.erb (Duration: 92.7ms | Allocations: 23891)
Completed 200 OK in 95ms (Views: 93.9ms | ActiveRecord: 0.0ms | Allocations: 24307)


Started GET "/quotes" for ::1 at 2022-06-25 10:09:16 +0500
Processing by QuotesController#index as HTML
  Rendering layout layouts/application.html.erb
  Rendering quotes/index.html.erb within layouts/application
  [1m[36mQuote Load (0.2ms)[0m  [1m[34mSELECT "quotes".* FROM "quotes"[0m
  ↳ app/views/quotes/index.html.erb:9
  Rendered collection of quotes/_quote.html.erb [3 times] (Duration: 3.4ms | Allocations: 1148)
  Rendered quotes/index.html.erb within layouts/application (Duration: 6.6ms | Allocations: 1990)
  Rendered layout layouts/application.html.erb (Duration: 10.5ms | Allocations: 3436)
Completed 200 OK in 13ms (Views: 11.5ms | ActiveRecord: 0.2ms | Allocations: 3748)


Started GET "/quotes" for ::1 at 2022-06-25 10:09:40 +0500
Processing by QuotesController#index as HTML
  Rendering layout layouts/application.html.erb
  Rendering quotes/index.html.erb within layouts/application
  [1m[36mQuote Load (0.3ms)[0m  [1m[34mSELECT "quotes".* FROM "quotes"[0m
  ↳ app/views/quotes/index.html.erb:9
  Rendered collection of quotes/_quote.html.erb [3 times] (Duration: 4.0ms | Allocations: 1131)
  Rendered quotes/index.html.erb within layouts/application (Duration: 7.7ms | Allocations: 1897)
  Rendered layout layouts/application.html.erb (Duration: 74.6ms | Allocations: 7205)
Completed 200 OK in 76ms (Views: 75.3ms | ActiveRecord: 0.3ms | Allocations: 7474)


Started GET "/quotes" for ::1 at 2022-06-25 10:09:42 +0500
Processing by QuotesController#index as HTML
  Rendering layout layouts/application.html.erb
  Rendering quotes/index.html.erb within layouts/application
  [1m[36mQuote Load (0.3ms)[0m  [1m[34mSELECT "quotes".* FROM "quotes"[0m
  ↳ app/views/quotes/index.html.erb:9
  Rendered collection of quotes/_quote.html.erb [3 times] (Duration: 4.9ms | Allocations: 1125)
  Rendered quotes/index.html.erb within layouts/application (Duration: 8.5ms | Allocations: 1898)
  Rendered layout layouts/application.html.erb (Duration: 13.0ms | Allocations: 3345)
Completed 200 OK in 15ms (Views: 13.7ms | ActiveRecord: 0.3ms | Allocations: 3614)


Started GET "/quotes" for ::1 at 2022-06-25 10:09:43 +0500
Processing by QuotesController#index as HTML
  Rendering layout layouts/application.html.erb
  Rendering quotes/index.html.erb within layouts/application
  [1m[36mQuote Load (0.2ms)[0m  [1m[34mSELECT "quotes".* FROM "quotes"[0m
  ↳ app/views/quotes/index.html.erb:9
  Rendered collection of quotes/_quote.html.erb [3 times] (Duration: 2.4ms | Allocations: 1134)
  Rendered quotes/index.html.erb within layouts/application (Duration: 4.7ms | Allocations: 1900)
  Rendered layout layouts/application.html.erb (Duration: 9.6ms | Allocations: 3347)
Completed 200 OK in 11ms (Views: 10.3ms | ActiveRecord: 0.2ms | Allocations: 3616)


Started GET "/quotes" for ::1 at 2022-06-25 10:09:43 +0500
Processing by QuotesController#index as HTML
  Rendering layout layouts/application.html.erb
  Rendering quotes/index.html.erb within layouts/application
  [1m[36mQuote Load (0.2ms)[0m  [1m[34mSELECT "quotes".* FROM "quotes"[0m
  ↳ app/views/quotes/index.html.erb:9
  Rendered collection of quotes/_quote.html.erb [3 times] (Duration: 2.9ms | Allocations: 1143)
  Rendered quotes/index.html.erb within layouts/application (Duration: 5.3ms | Allocations: 1909)
  Rendered layout layouts/application.html.erb (Duration: 8.7ms | Allocations: 3371)
Completed 200 OK in 10ms (Views: 9.3ms | ActiveRecord: 0.2ms | Allocations: 3642)


Started GET "/quotes" for ::1 at 2022-06-25 10:09:44 +0500
Processing by QuotesController#index as HTML
  Rendering layout layouts/application.html.erb
  Rendering quotes/index.html.erb within layouts/application
  [1m[36mQuote Load (0.3ms)[0m  [1m[34mSELECT "quotes".* FROM "quotes"[0m
  ↳ app/views/quotes/index.html.erb:9
  Rendered collection of quotes/_quote.html.erb [3 times] (Duration: 3.8ms | Allocations: 1122)
  Rendered quotes/index.html.erb within layouts/application (Duration: 8.0ms | Allocations: 1894)
  Rendered layout layouts/application.html.erb (Duration: 13.3ms | Allocations: 3343)
Completed 200 OK in 16ms (Views: 14.4ms | ActiveRecord: 0.3ms | Allocations: 3622)


Started GET "/quotes" for ::1 at 2022-06-25 10:09:44 +0500
Processing by QuotesController#index as HTML
  Rendering layout layouts/application.html.erb
  Rendering quotes/index.html.erb within layouts/application
  [1m[36mQuote Load (0.2ms)[0m  [1m[34mSELECT "quotes".* FROM "quotes"[0m
  ↳ app/views/quotes/index.html.erb:9
  Rendered collection of quotes/_quote.html.erb [3 times] (Duration: 2.6ms | Allocations: 1137)
  Rendered quotes/index.html.erb within layouts/application (Duration: 5.4ms | Allocations: 1903)
  Rendered layout layouts/application.html.erb (Duration: 8.8ms | Allocations: 3350)
Completed 200 OK in 10ms (Views: 9.5ms | ActiveRecord: 0.2ms | Allocations: 3619)


Started GET "/quotes" for ::1 at 2022-06-25 10:10:00 +0500
Processing by QuotesController#index as HTML
  Rendering layout layouts/application.html.erb
  Rendering quotes/index.html.erb within layouts/application
  [1m[36mQuote Load (0.3ms)[0m  [1m[34mSELECT "quotes".* FROM "quotes"[0m
  ↳ app/views/quotes/index.html.erb:9
  Rendered collection of quotes/_quote.html.erb [3 times] (Duration: 3.7ms | Allocations: 1134)
  Rendered quotes/index.html.erb within layouts/application (Duration: 7.5ms | Allocations: 1906)
  Rendered layout layouts/application.html.erb (Duration: 13.3ms | Allocations: 3399)
Completed 200 OK in 15ms (Views: 14.0ms | ActiveRecord: 0.3ms | Allocations: 3676)


Started GET "/quotes" for ::1 at 2022-06-25 10:10:01 +0500
Processing by QuotesController#index as HTML
  Rendering layout layouts/application.html.erb
  Rendering quotes/index.html.erb within layouts/application
  [1m[36mQuote Load (0.2ms)[0m  [1m[34mSELECT "quotes".* FROM "quotes"[0m
  ↳ app/views/quotes/index.html.erb:9
  Rendered collection of quotes/_quote.html.erb [3 times] (Duration: 3.5ms | Allocations: 1146)
  Rendered quotes/index.html.erb within layouts/application (Duration: 6.7ms | Allocations: 1912)
  Rendered layout layouts/application.html.erb (Duration: 10.7ms | Allocations: 3359)
Completed 200 OK in 12ms (Views: 11.3ms | ActiveRecord: 0.2ms | Allocations: 3628)


Started GET "/quotes" for ::1 at 2022-06-25 10:10:11 +0500
  [1m[35m (0.8ms)[0m  [1m[34mSELECT sqlite_version(*)[0m
  [1m[36mActiveRecord::SchemaMigration Pluck (0.3ms)[0m  [1m[34mSELECT "schema_migrations"."version" FROM "schema_migrations" ORDER BY "schema_migrations"."version" ASC[0m
Processing by QuotesController#index as HTML
  Rendering layout layouts/application.html.erb
  Rendering quotes/index.html.erb within layouts/application
  [1m[36mQuote Load (0.4ms)[0m  [1m[34mSELECT "quotes".* FROM "quotes"[0m
  ↳ app/views/quotes/index.html.erb:9
  Rendered collection of quotes/_quote.html.erb [3 times] (Duration: 8.9ms | Allocations: 1708)
  Rendered quotes/index.html.erb within layouts/application (Duration: 24.3ms | Allocations: 6432)
  Rendered layout layouts/application.html.erb (Duration: 147.8ms | Allocations: 39509)
Completed 500 Internal Server Error in 163ms (ActiveRecord: 1.5ms | Allocations: 43607)


  
ActionView::Template::Error (Error: no mixin named media
        on line 8:12 of app/assets/stylesheets/layouts/_container.scss
>>   @include media(tabletAndUp) {

   -----------^
):
  
app/assets/stylesheets/layouts/_container.scss:8
Started GET "/quotes" for ::1 at 2022-06-25 10:10:37 +0500
Processing by QuotesController#index as HTML
  Rendering layout layouts/application.html.erb
  Rendering quotes/index.html.erb within layouts/application
  [1m[36mQuote Load (0.2ms)[0m  [1m[34mSELECT "quotes".* FROM "quotes"[0m
  ↳ app/views/quotes/index.html.erb:9
  Rendered collection of quotes/_quote.html.erb [3 times] (Duration: 2.9ms | Allocations: 1216)
  Rendered quotes/index.html.erb within layouts/application (Duration: 6.0ms | Allocations: 2081)
  Rendered layout layouts/application.html.erb (Duration: 70.1ms | Allocations: 24572)
Completed 500 Internal Server Error in 73ms (ActiveRecord: 0.2ms | Allocations: 25061)


  
ActionView::Template::Error (Error: no mixin named media
        on line 8:12 of app/assets/stylesheets/layouts/_container.scss
>>   @include media(tabletAndUp) {

   -----------^
):
  
app/assets/stylesheets/layouts/_container.scss:8
Started GET "/quotes" for ::1 at 2022-06-25 10:11:14 +0500
Processing by QuotesController#index as HTML
  Rendering layout layouts/application.html.erb
  Rendering quotes/index.html.erb within layouts/application
  [1m[36mQuote Load (0.2ms)[0m  [1m[34mSELECT "quotes".* FROM "quotes"[0m
  ↳ app/views/quotes/index.html.erb:9
  Rendered collection of quotes/_quote.html.erb [3 times] (Duration: 3.8ms | Allocations: 1140)
  Rendered quotes/index.html.erb within layouts/application (Duration: 7.5ms | Allocations: 1906)
  Rendered layout layouts/application.html.erb (Duration: 123.3ms | Allocations: 24970)
Completed 200 OK in 125ms (Views: 124.1ms | ActiveRecord: 0.2ms | Allocations: 25291)


Started GET "/quotes" for ::1 at 2022-06-25 10:11:15 +0500
Processing by QuotesController#index as HTML
  Rendering layout layouts/application.html.erb
  Rendering quotes/index.html.erb within layouts/application
  [1m[36mQuote Load (0.2ms)[0m  [1m[34mSELECT "quotes".* FROM "quotes"[0m
  ↳ app/views/quotes/index.html.erb:9
  Rendered collection of quotes/_quote.html.erb [3 times] (Duration: 3.9ms | Allocations: 1137)
  Rendered quotes/index.html.erb within layouts/application (Duration: 7.0ms | Allocations: 1909)
  Rendered layout layouts/application.html.erb (Duration: 10.8ms | Allocations: 3360)
Completed 200 OK in 13ms (Views: 11.5ms | ActiveRecord: 0.2ms | Allocations: 3637)


Started GET "/quotes" for ::1 at 2022-06-25 10:11:16 +0500
Processing by QuotesController#index as HTML
  Rendering layout layouts/application.html.erb
  Rendering quotes/index.html.erb within layouts/application
  [1m[36mQuote Load (0.2ms)[0m  [1m[34mSELECT "quotes".* FROM "quotes"[0m
  ↳ app/views/quotes/index.html.erb:9
  Rendered collection of quotes/_quote.html.erb [3 times] (Duration: 2.3ms | Allocations: 1146)
  Rendered quotes/index.html.erb within layouts/application (Duration: 5.5ms | Allocations: 1912)
  Rendered layout layouts/application.html.erb (Duration: 9.0ms | Allocations: 3361)
Completed 200 OK in 11ms (Views: 9.8ms | ActiveRecord: 0.2ms | Allocations: 3630)


Started GET "/quotes" for ::1 at 2022-06-25 10:11:19 +0500
Processing by QuotesController#index as HTML
  Rendering layout layouts/application.html.erb
  Rendering quotes/index.html.erb within layouts/application
  [1m[36mQuote Load (0.3ms)[0m  [1m[34mSELECT "quotes".* FROM "quotes"[0m
  ↳ app/views/quotes/index.html.erb:9
  Rendered collection of quotes/_quote.html.erb [3 times] (Duration: 3.6ms | Allocations: 1137)
  Rendered quotes/index.html.erb within layouts/application (Duration: 7.6ms | Allocations: 1909)
  Rendered layout layouts/application.html.erb (Duration: 10.8ms | Allocations: 3360)
Completed 200 OK in 12ms (Views: 11.5ms | ActiveRecord: 0.3ms | Allocations: 3637)


Started GET "/quotes" for ::1 at 2022-06-25 10:11:28 +0500
  [1m[35m (0.7ms)[0m  [1m[34mSELECT sqlite_version(*)[0m
  [1m[36mActiveRecord::SchemaMigration Pluck (0.3ms)[0m  [1m[34mSELECT "schema_migrations"."version" FROM "schema_migrations" ORDER BY "schema_migrations"."version" ASC[0m
Processing by QuotesController#index as HTML
  Rendering layout layouts/application.html.erb
  Rendering quotes/index.html.erb within layouts/application
  [1m[36mQuote Load (0.3ms)[0m  [1m[34mSELECT "quotes".* FROM "quotes"[0m
  ↳ app/views/quotes/index.html.erb:9
  Rendered collection of quotes/_quote.html.erb [3 times] (Duration: 11.7ms | Allocations: 1708)
  Rendered quotes/index.html.erb within layouts/application (Duration: 24.9ms | Allocations: 6432)
  Rendered layout layouts/application.html.erb (Duration: 87.9ms | Allocations: 27663)
Completed 200 OK in 101ms (Views: 90.8ms | ActiveRecord: 1.3ms | Allocations: 31809)


Started GET "/quotes" for ::1 at 2022-06-25 10:13:14 +0500
  [1m[35m (0.8ms)[0m  [1m[34mSELECT sqlite_version(*)[0m
  [1m[36mActiveRecord::SchemaMigration Pluck (0.2ms)[0m  [1m[34mSELECT "schema_migrations"."version" FROM "schema_migrations" ORDER BY "schema_migrations"."version" ASC[0m
Processing by QuotesController#index as HTML
  Rendering layout layouts/application.html.erb
  Rendering quotes/index.html.erb within layouts/application
  [1m[36mQuote Load (0.3ms)[0m  [1m[34mSELECT "quotes".* FROM "quotes"[0m
  ↳ app/views/quotes/index.html.erb:9
  Rendered collection of quotes/_quote.html.erb [3 times] (Duration: 8.5ms | Allocations: 1699)
  Rendered quotes/index.html.erb within layouts/application (Duration: 24.4ms | Allocations: 6423)
  Rendered layout layouts/application.html.erb (Duration: 183.4ms | Allocations: 34156)
Completed 200 OK in 198ms (Views: 186.2ms | ActiveRecord: 1.0ms | Allocations: 38301)


Started GET "/quotes" for ::1 at 2022-06-25 10:14:02 +0500
Processing by QuotesController#index as HTML
  Rendering layout layouts/application.html.erb
  Rendering quotes/index.html.erb within layouts/application
  [1m[36mQuote Load (0.2ms)[0m  [1m[34mSELECT "quotes".* FROM "quotes"[0m
  ↳ app/views/quotes/index.html.erb:9
  Rendered collection of quotes/_quote.html.erb [3 times] (Duration: 4.1ms | Allocations: 1202)
  Rendered quotes/index.html.erb within layouts/application (Duration: 7.5ms | Allocations: 2072)
  Rendered layout layouts/application.html.erb (Duration: 11.1ms | Allocations: 3523)
Completed 200 OK in 13ms (Views: 11.8ms | ActiveRecord: 0.2ms | Allocations: 3867)


Started GET "/quotes" for ::1 at 2022-06-25 10:33:22 +0500
  [1m[35m (1.3ms)[0m  [1m[34mSELECT sqlite_version(*)[0m
  [1m[36mActiveRecord::SchemaMigration Pluck (0.3ms)[0m  [1m[34mSELECT "schema_migrations"."version" FROM "schema_migrations" ORDER BY "schema_migrations"."version" ASC[0m
Processing by QuotesController#index as HTML
  Rendering layout layouts/application.html.erb
  Rendering quotes/index.html.erb within layouts/application
  [1m[36mQuote Load (0.3ms)[0m  [1m[34mSELECT "quotes".* FROM "quotes"[0m
  ↳ app/views/quotes/index.html.erb:9
  Rendered collection of quotes/_quote.html.erb [3 times] (Duration: 10.5ms | Allocations: 1705)
  Rendered quotes/index.html.erb within layouts/application (Duration: 26.8ms | Allocations: 6429)
  Rendered layout layouts/application.html.erb (Duration: 123.9ms | Allocations: 32566)
Completed 200 OK in 143ms (Views: 126.7ms | ActiveRecord: 1.0ms | Allocations: 36754)


